17:03:53.625 [main] INFO  resources.TestBase - -------- Type Sender ID and password 
17:03:54.821 [main] INFO  resources.TestBase - -------- Move to the ideintification page  
17:03:57.861 [main] INFO  resources.TestBase - -------- End of registering process  
17:04:20.370 [main] INFO  resources.TestBase - -------- Type Sender ID and password 
17:04:22.231 [main] INFO  resources.TestBase - -------- Logout from the application  
17:04:46.963 [main] INFO  resources.TestBase - -------- gmailLogin Type gmail ID
17:04:47.230 [main] INFO  resources.TestBase - -------- gmailLogin Click Next
17:04:47.460 [main] INFO  resources.TestBase - --------gmailLogin Type Sender password  ID
17:04:48.247 [main] INFO  resources.TestBase - --------gmailLogin Click Next
17:43:08.594 [main] INFO  resources.TestBase - -------- Type Sender ID and password 
17:43:14.468 [main] INFO  resources.TestBase - -------- Move to the ideintification page  
17:43:26.894 [main] INFO  resources.TestBase - -------- End of registering process  
17:43:48.859 [main] INFO  resources.TestBase - -------- Type Sender ID and password 
17:43:50.377 [main] INFO  resources.TestBase - -------- Logout from the application  
17:44:15.378 [main] INFO  resources.TestBase - -------- gmailLogin Type gmail ID
17:44:16.226 [main] INFO  resources.TestBase - -------- gmailLogin Click Next
17:44:16.490 [main] INFO  resources.TestBase - --------gmailLogin Type Sender password  ID
17:44:17.431 [main] INFO  resources.TestBase - --------gmailLogin Click Next
20:54:00.639 [main] INFO  resources.TestBase - -------- Type Sender ID and password 
20:54:01.956 [main] INFO  resources.TestBase - -------- Move to the ideintification page  
20:54:04.611 [main] INFO  resources.TestBase - -------- End of registering process  
20:54:28.363 [main] INFO  resources.TestBase - -------- Type Sender ID and password 
20:54:30.702 [main] INFO  resources.TestBase - -------- Logout from the application  
20:55:08.185 [main] INFO  resources.TestBase - -------- gmailLogin Type gmail ID
20:55:08.564 [main] INFO  resources.TestBase - -------- gmailLogin Click Next
20:55:12.033 [main] INFO  resources.TestBase - --------gmailLogin Type Sender password  ID
20:55:13.142 [main] INFO  resources.TestBase - --------gmailLogin Click Next
20:56:08.680 [main] INFO  resources.TestBase - -------- Type Sender ID and password 
20:56:17.245 [main] INFO  resources.TestBase - -------- Move to the ideintification page  
20:56:30.093 [main] INFO  resources.TestBase - -------- End of registering process  
20:56:52.330 [main] INFO  resources.TestBase - -------- Type Sender ID and password 
20:56:54.396 [main] INFO  resources.TestBase - -------- Logout from the application  
20:57:21.050 [main] INFO  resources.TestBase - -------- gmailLogin Type gmail ID
20:57:21.858 [main] INFO  resources.TestBase - -------- gmailLogin Click Next
20:57:22.098 [main] INFO  resources.TestBase - --------gmailLogin Type Sender password  ID
20:57:23.262 [main] INFO  resources.TestBase - --------gmailLogin Click Next
22:54:03.185 [main] INFO  resources.TestBase - -------- Type Sender ID and password 
22:54:04.163 [main] INFO  resources.TestBase - -------- Move to the ideintification page  
22:54:06.743 [main] INFO  resources.TestBase - -------- End of registering process  
22:54:17.434 [main] INFO  resources.TestBase - -------- Type Sender ID and password 
22:54:33.900 [main] INFO  resources.TestBase - -------- gmailLogin Type gmail ID
22:55:15.432 [main] INFO  resources.TestBase - -------- Type Sender ID and password 
22:55:16.810 [main] INFO  resources.TestBase - -------- Move to the ideintification page  
22:55:18.977 [main] INFO  resources.TestBase - -------- End of registering process  
22:55:30.427 [main] INFO  resources.TestBase - -------- Type Sender ID and password 
22:56:06.518 [main] INFO  resources.TestBase - -------- Type Sender ID and password 
22:56:07.707 [main] INFO  resources.TestBase - -------- Move to the ideintification page  
22:56:09.700 [main] INFO  resources.TestBase - -------- End of registering process  
22:56:20.094 [main] INFO  resources.TestBase - -------- Type Sender ID and password 
22:56:23.317 [main] INFO  resources.TestBase - -------- Logout from the application  
22:56:44.032 [main] INFO  resources.TestBase - -------- gmailLogin Type gmail ID
22:56:44.242 [main] INFO  resources.TestBase - -------- gmailLogin Click Next
22:56:44.541 [main] INFO  resources.TestBase - --------gmailLogin Type Sender password  ID
22:56:45.513 [main] INFO  resources.TestBase - --------gmailLogin Click Next
08:36:34.921 [main] INFO  resources.TestBase - -------- gmailLogin Type gmail ID
08:36:35.410 [main] INFO  resources.TestBase - -------- gmailLogin Click Next
08:36:35.780 [main] INFO  resources.TestBase - --------gmailLogin Type Sender password  ID
08:36:37.005 [main] INFO  resources.TestBase - --------gmailLogin Click Next
08:37:30.400 [main] INFO  resources.TestBase - -------- Type Sender ID and password 
